<?xml version="1.0" encoding="UTF-8"?>
<testsuites name="Login dan cekout" time="185.765" tests="2" failures="0" errors="0">
   <testsuite name="Login dan cekout" tests="2" failures="0" errors="0" time="185.765" skipped="0" timestamp="14-02-2024T20:40:36" hostname="BRI - 192.168.0.101" id="Test Suites/Login dan cekout">
      <properties>
         <property name="deviceName" value="Xiaomi Redmi Note 8 Pro (Android 11)"/>
         <property name="devicePlatform" value=""/>
         <property name="logFolder" value="C:\\Users\\BRI\\git\\katalon-finalmobile-ruslan_permana\\Reports\\20240214_204025\\Login dan cekout\\20240214_204025"/>
         <property name="logFiles" value="C:\\Users\\BRI\\git\\katalon-finalmobile-ruslan_permana\\Reports\\20240214_204025\\Login dan cekout\\20240214_204025\\appium.log, C:\\Users\\BRI\\git\\katalon-finalmobile-ruslan_permana\\Reports\\20240214_204025\\Login dan cekout\\20240214_204025\\appium_error.log, C:\\Users\\BRI\\git\\katalon-finalmobile-ruslan_permana\\Reports\\20240214_204025\\Login dan cekout\\20240214_204025\\execution0.log"/>
         <property name="attachments" value="C:\\Users\\BRI\\git\\katalon-finalmobile-ruslan_permana\\Reports\\20240214_204025\\Login dan cekout\\20240214_204025\\1707918212985.png, C:\\Users\\BRI\\git\\katalon-finalmobile-ruslan_permana\\Reports\\20240214_204025\\Login dan cekout\\20240214_204025\\1707918214528.png"/>
         <property name="hostName" value="BRI - 192.168.0.101"/>
         <property name="os" value="Windows 11 64bit"/>
         <property name="appiumServerStatus" value="{&quot;value&quot;:{&quot;ready&quot;:true,&quot;message&quot;:&quot;The server is ready to accept new connections&quot;,&quot;build&quot;:{&quot;version&quot;:&quot;2.5.0&quot;}}}"/>
         <property name="katalonVersion" value="9.3.0.212"/>
         <property name="deviceOS" value="Android"/>
         <property name="appiumVersion" value="2.5.0"/>
         <property name="deviceModel" value="Redmi Note 8 Pro"/>
         <property name="hostAddress" value="192.168.0.101"/>
         <property name="deviceManufacturer" value="Xiaomi"/>
         <property name="deviceId" value="wseib6c6f6wg8tnv"/>
         <property name="deviceName" value="Xiaomi Redmi Note 8 Pro (Android 11)"/>
         <property name="deviceOSVersion" value="11"/>
      </properties>
      <testcase name="Test Cases/Login" time="91.249" classname="Test Cases/Login" status="PASSED">
         <system-out><![CDATA[14-02-2024T20:40:37 - [TEST_CASE][PASSED] - Test Cases/Login: Test Cases/Login

14-02-2024T20:40:38 - [TEST_STEP][PASSED] - startApplication("C:\Users\BRI\Downloads\Advantage+demo+3.2.apk", true): Started app at: 'C:\Users\BRI\Downloads\Advantage+demo+3.2.apk'

14-02-2024T20:40:41 - [MESSAGE][INFO] - Detected NodeJS location: "C:\Program Files\nodejs\node.exe"

14-02-2024T20:40:52 - [MESSAGE][INFO] - PATH: C:\Program Files\nodejs;

14-02-2024T20:40:53 - [MESSAGE][INFO] - APPIUM_HOME: C:\Users\BRI\.appium

14-02-2024T20:40:53 - [MESSAGE][INFO] - appium outlog: C:\Users\BRI\git\katalon-finalmobile-ruslan_permana\Reports\20240214_204025\Login dan cekout\20240214_204025\appium.log

14-02-2024T20:40:53 - [MESSAGE][INFO] - appium errlog: C:\Users\BRI\git\katalon-finalmobile-ruslan_permana\Reports\20240214_204025\Login dan cekout\20240214_204025\appium_error.log

14-02-2024T20:41:12 - [MESSAGE][INFO] - Appium server started on port 53,325

14-02-2024T20:41:45 - [MESSAGE][INFO] - Failed to get OS statusbar's information using getSystemBar.

14-02-2024T20:41:45 - [MESSAGE][PASSED] - Started app at: 'C:\Users\BRI\Downloads\Advantage+demo+3.2.apk'

14-02-2024T20:41:45 - [TEST_STEP][PASSED] - tap(findTestObject("Object Repository/login/android.widget.ImageView"), 0): Tapped on element 'Object Repository/login/android.widget.ImageView'

14-02-2024T20:41:45 - [MESSAGE][WARNING] - Timeout '0' is invalid. Using default page load timeout: '30'

14-02-2024T20:41:47 - [MESSAGE][PASSED] - Tapped on element 'Object Repository/login/android.widget.ImageView'

14-02-2024T20:41:47 - [TEST_STEP][PASSED] - tap(findTestObject("Object Repository/login/android.widget.LinearLayout (1)"), 0): Tapped on element 'Object Repository/login/android.widget.LinearLayout (1)'

14-02-2024T20:41:47 - [MESSAGE][WARNING] - Timeout '0' is invalid. Using default page load timeout: '30'

14-02-2024T20:41:49 - [MESSAGE][PASSED] - Tapped on element 'Object Repository/login/android.widget.LinearLayout (1)'

14-02-2024T20:41:49 - [TEST_STEP][PASSED] - setText(findTestObject("Object Repository/login/android.widget.EditText (1)"), username, 0): Text 'ruslan1' has been set to element 'Object Repository/login/android.widget.EditText (1)'

14-02-2024T20:41:49 - [MESSAGE][WARNING] - Timeout '0' is invalid. Using default page load timeout: '30'

14-02-2024T20:41:52 - [MESSAGE][PASSED] - Text 'ruslan1' has been set to element 'Object Repository/login/android.widget.EditText (1)'

14-02-2024T20:41:52 - [TEST_STEP][PASSED] - setText(findTestObject("Object Repository/login/android.widget.EditText (2)"), password, 0): Text 'P@ssw0rd' has been set to element 'Object Repository/login/android.widget.EditText (2)'

14-02-2024T20:41:52 - [MESSAGE][WARNING] - Timeout '0' is invalid. Using default page load timeout: '30'

14-02-2024T20:41:54 - [MESSAGE][PASSED] - Text 'P@ssw0rd' has been set to element 'Object Repository/login/android.widget.EditText (2)'

14-02-2024T20:41:54 - [TEST_STEP][PASSED] - tap(findTestObject("Object Repository/login/android.widget.Button - LOGIN"), 0): Tapped on element 'Object Repository/login/android.widget.Button - LOGIN'

14-02-2024T20:41:54 - [MESSAGE][WARNING] - Timeout '0' is invalid. Using default page load timeout: '30'

14-02-2024T20:41:55 - [MESSAGE][PASSED] - Tapped on element 'Object Repository/login/android.widget.Button - LOGIN'

14-02-2024T20:41:55 - [TEST_STEP][PASSED] - verifyElementExist(findTestObject("cek cart/Text_advantage"), 0): Element 'Object Repository/cek cart/Text_advantage' is exist

14-02-2024T20:41:56 - [MESSAGE][WARNING] - Timeout '0' is invalid. Using default page load timeout: '30'

14-02-2024T20:41:59 - [MESSAGE][PASSED] - Element 'Object Repository/cek cart/Text_advantage' is exist

14-02-2024T20:41:59 - [TEST_STEP][PASSED] - closeApplication(): Close app successfully

14-02-2024T20:42:05 - [MESSAGE][PASSED] - Close app successfully]]></system-out>
         <system-err><![CDATA[]]></system-err>
      </testcase>
      <testcase name="Test Cases/login_cek_cart_checkout" time="93.668" classname="Test Cases/login_cek_cart_checkout" status="PASSED">
         <system-out><![CDATA[14-02-2024T20:42:08 - [TEST_CASE][PASSED] - Test Cases/login_cek_cart_checkout: Test Cases/login_cek_cart_checkout

14-02-2024T20:42:09 - [TEST_STEP][PASSED] - startApplication("C:\Users\BRI\Downloads\Advantage+demo+3.2.apk", true): Started app at: 'C:\Users\BRI\Downloads\Advantage+demo+3.2.apk'

14-02-2024T20:42:10 - [MESSAGE][INFO] - Detected NodeJS location: "C:\Program Files\nodejs\node.exe"

14-02-2024T20:42:22 - [MESSAGE][INFO] - PATH: C:\Program Files\nodejs;

14-02-2024T20:42:22 - [MESSAGE][INFO] - APPIUM_HOME: C:\Users\BRI\.appium

14-02-2024T20:42:22 - [MESSAGE][INFO] - appium outlog: C:\Users\BRI\git\katalon-finalmobile-ruslan_permana\Reports\20240214_204025\Login dan cekout\20240214_204025\appium.log

14-02-2024T20:42:22 - [MESSAGE][INFO] - appium errlog: C:\Users\BRI\git\katalon-finalmobile-ruslan_permana\Reports\20240214_204025\Login dan cekout\20240214_204025\appium_error.log

14-02-2024T20:42:44 - [MESSAGE][INFO] - Appium server started on port 53,666

14-02-2024T20:43:05 - [MESSAGE][INFO] - Failed to get OS statusbar's information using getSystemBar.

14-02-2024T20:43:05 - [MESSAGE][PASSED] - Started app at: 'C:\Users\BRI\Downloads\Advantage+demo+3.2.apk'

14-02-2024T20:43:05 - [TEST_STEP][PASSED] - tap(findTestObject("Object Repository/login/android.widget.ImageView"), 0): Tapped on element 'Object Repository/login/android.widget.ImageView'

14-02-2024T20:43:05 - [MESSAGE][WARNING] - Timeout '0' is invalid. Using default page load timeout: '30'

14-02-2024T20:43:08 - [MESSAGE][PASSED] - Tapped on element 'Object Repository/login/android.widget.ImageView'

14-02-2024T20:43:08 - [TEST_STEP][PASSED] - tap(findTestObject("Object Repository/login/android.widget.LinearLayout (1)"), 0): Tapped on element 'Object Repository/login/android.widget.LinearLayout (1)'

14-02-2024T20:43:08 - [MESSAGE][WARNING] - Timeout '0' is invalid. Using default page load timeout: '30'

14-02-2024T20:43:09 - [MESSAGE][PASSED] - Tapped on element 'Object Repository/login/android.widget.LinearLayout (1)'

14-02-2024T20:43:09 - [TEST_STEP][PASSED] - setText(findTestObject("Object Repository/login/android.widget.EditText (1)"), username, 0): Text 'ruslan1' has been set to element 'Object Repository/login/android.widget.EditText (1)'

14-02-2024T20:43:09 - [MESSAGE][WARNING] - Timeout '0' is invalid. Using default page load timeout: '30'

14-02-2024T20:43:12 - [MESSAGE][PASSED] - Text 'ruslan1' has been set to element 'Object Repository/login/android.widget.EditText (1)'

14-02-2024T20:43:12 - [TEST_STEP][PASSED] - setText(findTestObject("Object Repository/login/android.widget.EditText (2)"), password, 0): Text 'P@ssw0rd' has been set to element 'Object Repository/login/android.widget.EditText (2)'

14-02-2024T20:43:12 - [MESSAGE][WARNING] - Timeout '0' is invalid. Using default page load timeout: '30'

14-02-2024T20:43:14 - [MESSAGE][PASSED] - Text 'P@ssw0rd' has been set to element 'Object Repository/login/android.widget.EditText (2)'

14-02-2024T20:43:14 - [TEST_STEP][PASSED] - tap(findTestObject("Object Repository/login/android.widget.Button - LOGIN"), 0): Tapped on element 'Object Repository/login/android.widget.Button - LOGIN'

14-02-2024T20:43:14 - [MESSAGE][WARNING] - Timeout '0' is invalid. Using default page load timeout: '30'

14-02-2024T20:43:15 - [MESSAGE][PASSED] - Tapped on element 'Object Repository/login/android.widget.Button - LOGIN'

14-02-2024T20:43:15 - [TEST_STEP][PASSED] - tap(findTestObject("cek cart/keranjang"), 0): Tapped on element 'Object Repository/cek cart/keranjang'

14-02-2024T20:43:15 - [MESSAGE][WARNING] - Timeout '0' is invalid. Using default page load timeout: '30'

14-02-2024T20:43:20 - [MESSAGE][PASSED] - Tapped on element 'Object Repository/cek cart/keranjang'

14-02-2024T20:43:20 - [TEST_STEP][PASSED] - try: Tapped on element 'Object Repository/shoping/CHECKOUT'

14-02-2024T20:43:20 - [TEST_STEP][PASSED] - verifyElementExist(findTestObject("Object Repository/cek cart/text_no_items_in_cart"), 5): Element 'Object Repository/cek cart/text_no_items_in_cart' is exist

14-02-2024T20:43:21 - [MESSAGE][PASSED] - Element 'Object Repository/cek cart/text_no_items_in_cart' is exist

14-02-2024T20:43:21 - [TEST_STEP][PASSED] - pressBack(): Press back button successfully

14-02-2024T20:43:22 - [MESSAGE][PASSED] - Press back button successfully

14-02-2024T20:43:22 - [TEST_STEP][PASSED] - tap(findTestObject("Object Repository/shoping/pilih laptop"), 0): Tapped on element 'Object Repository/shoping/pilih laptop'

14-02-2024T20:43:22 - [MESSAGE][WARNING] - Timeout '0' is invalid. Using default page load timeout: '30'

14-02-2024T20:43:23 - [MESSAGE][PASSED] - Tapped on element 'Object Repository/shoping/pilih laptop'

14-02-2024T20:43:23 - [TEST_STEP][PASSED] - tap(findTestObject("Object Repository/shoping/hp_chromebook"), 0): Tapped on element 'Object Repository/shoping/hp_chromebook'

14-02-2024T20:43:23 - [MESSAGE][WARNING] - Timeout '0' is invalid. Using default page load timeout: '30'

14-02-2024T20:43:26 - [MESSAGE][PASSED] - Tapped on element 'Object Repository/shoping/hp_chromebook'

14-02-2024T20:43:26 - [TEST_STEP][PASSED] - tap(findTestObject("Object Repository/shoping/add_cart"), 0): Tapped on element 'Object Repository/shoping/add_cart'

14-02-2024T20:43:26 - [MESSAGE][WARNING] - Timeout '0' is invalid. Using default page load timeout: '30'

14-02-2024T20:43:26 - [MESSAGE][PASSED] - Tapped on element 'Object Repository/shoping/add_cart'

14-02-2024T20:43:26 - [TEST_STEP][PASSED] - tap(findTestObject("cek cart/keranjang"), 0): Tapped on element 'Object Repository/cek cart/keranjang'

14-02-2024T20:43:26 - [MESSAGE][WARNING] - Timeout '0' is invalid. Using default page load timeout: '30'

14-02-2024T20:43:28 - [MESSAGE][PASSED] - Tapped on element 'Object Repository/cek cart/keranjang'

14-02-2024T20:43:28 - [TEST_STEP][PASSED] - tap(findTestObject("Object Repository/shoping/CHECKOUT"), 0): Tapped on element 'Object Repository/shoping/CHECKOUT'

14-02-2024T20:43:28 - [MESSAGE][WARNING] - Timeout '0' is invalid. Using default page load timeout: '30'

14-02-2024T20:43:29 - [MESSAGE][PASSED] - Tapped on element 'Object Repository/shoping/CHECKOUT'

14-02-2024T20:43:29 - [TEST_STEP][FAILED] - try: Failed to check if element 'Object Repository/shoping/user_safepay' is not visible (Root cause: com.kms.katalon.core.exception.StepFailedException: Failed to check if element 'Object Repository/shoping/user_safepay' is not visible
	at com.kms.katalon.core.mobile.keyword.internal.MobileKeywordMain.stepFailed(MobileKeywordMain.groovy:38)
	at com.kms.katalon.core.mobile.keyword.internal.MobileKeywordMain.runKeyword(MobileKeywordMain.groovy:21)
	at com.kms.katalon.core.mobile.keyword.builtin.VerifyElementNotVisibleKeyword.verifyElementNotVisible(VerifyElementNotVisibleKeyword.groovy:56)
	at com.kms.katalon.core.mobile.keyword.builtin.VerifyElementNotVisibleKeyword.execute(VerifyElementNotVisibleKeyword.groovy:35)
	at com.kms.katalon.core.keyword.internal.KeywordExecutor.executeKeywordForPlatform(KeywordExecutor.groovy:74)
	at com.kms.katalon.core.mobile.keyword.MobileBuiltInKeywords.verifyElementNotVisible(MobileBuiltInKeywords.groovy:2064)
	at login_cek_cart_checkout.run(login_cek_cart_checkout:55)
	at com.kms.katalon.core.main.ScriptEngine.run(ScriptEngine.java:194)
	at com.kms.katalon.core.main.ScriptEngine.runScriptAsRawText(ScriptEngine.java:119)
	at com.kms.katalon.core.main.TestCaseExecutor.runScript(TestCaseExecutor.java:448)
	at com.kms.katalon.core.main.TestCaseExecutor.doExecute(TestCaseExecutor.java:439)
	at com.kms.katalon.core.main.TestCaseExecutor.processExecutionPhase(TestCaseExecutor.java:418)
	at com.kms.katalon.core.main.TestCaseExecutor.accessMainPhase(TestCaseExecutor.java:410)
	at com.kms.katalon.core.main.TestCaseExecutor.execute(TestCaseExecutor.java:285)
	at com.kms.katalon.core.common.CommonExecutor.accessTestCaseMainPhase(CommonExecutor.java:65)
	at com.kms.katalon.core.main.TestSuiteExecutor.accessTestSuiteMainPhase(TestSuiteExecutor.java:148)
	at com.kms.katalon.core.main.TestSuiteExecutor.execute(TestSuiteExecutor.java:106)
	at com.kms.katalon.core.main.TestCaseMain.startTestSuite(TestCaseMain.java:180)
	at TempTestSuite1707918025128.run(TempTestSuite1707918025128.groovy:36)
	at java.base/jdk.internal.reflect.NativeMethodAccessorImpl.invoke0(Native Method)
	at java.base/jdk.internal.reflect.NativeMethodAccessorImpl.invoke(NativeMethodAccessorImpl.java:77)
	at java.base/jdk.internal.reflect.DelegatingMethodAccessorImpl.invoke(DelegatingMethodAccessorImpl.java:43)
Caused by: com.kms.katalon.core.exception.StepFailedException: Element 'Object Repository/shoping/user_safepay' is visible
	at com.kms.katalon.core.mobile.keyword.internal.MobileKeywordMain.stepFailed(MobileKeywordMain.groovy:38)
	at com.kms.katalon.core.mobile.keyword.builtin.VerifyElementNotVisibleKeyword$_verifyElementNotVisible_closure1.doCall(VerifyElementNotVisibleKeyword.groovy:46)
	at com.kms.katalon.core.mobile.keyword.builtin.VerifyElementNotVisibleKeyword$_verifyElementNotVisible_closure1.call(VerifyElementNotVisibleKeyword.groovy)
	at com.kms.katalon.core.mobile.keyword.internal.MobileKeywordMain.runKeyword(MobileKeywordMain.groovy:19)
	... 20 more
)

14-02-2024T20:43:29 - [TEST_STEP][FAILED] - verifyElementNotVisible(findTestObject("Object Repository/shoping/user_safepay"), 5): Failed to check if element 'Object Repository/shoping/user_safepay' is not visible (Root cause: com.kms.katalon.core.exception.StepFailedException: Failed to check if element 'Object Repository/shoping/user_safepay' is not visible
	at com.kms.katalon.core.mobile.keyword.internal.MobileKeywordMain.stepFailed(MobileKeywordMain.groovy:38)
	at com.kms.katalon.core.mobile.keyword.internal.MobileKeywordMain.runKeyword(MobileKeywordMain.groovy:21)
	at com.kms.katalon.core.mobile.keyword.builtin.VerifyElementNotVisibleKeyword.verifyElementNotVisible(VerifyElementNotVisibleKeyword.groovy:56)
	at com.kms.katalon.core.mobile.keyword.builtin.VerifyElementNotVisibleKeyword.execute(VerifyElementNotVisibleKeyword.groovy:35)
	at com.kms.katalon.core.keyword.internal.KeywordExecutor.executeKeywordForPlatform(KeywordExecutor.groovy:74)
	at com.kms.katalon.core.mobile.keyword.MobileBuiltInKeywords.verifyElementNotVisible(MobileBuiltInKeywords.groovy:2064)
	at login_cek_cart_checkout.run(login_cek_cart_checkout:55)
	at com.kms.katalon.core.main.ScriptEngine.run(ScriptEngine.java:194)
	at com.kms.katalon.core.main.ScriptEngine.runScriptAsRawText(ScriptEngine.java:119)
	at com.kms.katalon.core.main.TestCaseExecutor.runScript(TestCaseExecutor.java:448)
	at com.kms.katalon.core.main.TestCaseExecutor.doExecute(TestCaseExecutor.java:439)
	at com.kms.katalon.core.main.TestCaseExecutor.processExecutionPhase(TestCaseExecutor.java:418)
	at com.kms.katalon.core.main.TestCaseExecutor.accessMainPhase(TestCaseExecutor.java:410)
	at com.kms.katalon.core.main.TestCaseExecutor.execute(TestCaseExecutor.java:285)
	at com.kms.katalon.core.common.CommonExecutor.accessTestCaseMainPhase(CommonExecutor.java:65)
	at com.kms.katalon.core.main.TestSuiteExecutor.accessTestSuiteMainPhase(TestSuiteExecutor.java:148)
	at com.kms.katalon.core.main.TestSuiteExecutor.execute(TestSuiteExecutor.java:106)
	at com.kms.katalon.core.main.TestCaseMain.startTestSuite(TestCaseMain.java:180)
	at TempTestSuite1707918025128.run(TempTestSuite1707918025128.groovy:36)
	at java.base/jdk.internal.reflect.NativeMethodAccessorImpl.invoke0(Native Method)
	at java.base/jdk.internal.reflect.NativeMethodAccessorImpl.invoke(NativeMethodAccessorImpl.java:77)
	at java.base/jdk.internal.reflect.DelegatingMethodAccessorImpl.invoke(DelegatingMethodAccessorImpl.java:43)
Caused by: com.kms.katalon.core.exception.StepFailedException: Element 'Object Repository/shoping/user_safepay' is visible
	at com.kms.katalon.core.mobile.keyword.internal.MobileKeywordMain.stepFailed(MobileKeywordMain.groovy:38)
	at com.kms.katalon.core.mobile.keyword.builtin.VerifyElementNotVisibleKeyword$_verifyElementNotVisible_closure1.doCall(VerifyElementNotVisibleKeyword.groovy:46)
	at com.kms.katalon.core.mobile.keyword.builtin.VerifyElementNotVisibleKeyword$_verifyElementNotVisible_closure1.call(VerifyElementNotVisibleKeyword.groovy)
	at com.kms.katalon.core.mobile.keyword.internal.MobileKeywordMain.runKeyword(MobileKeywordMain.groovy:19)
	... 20 more
)

14-02-2024T20:43:34 - [MESSAGE][FAILED] - Element 'Object Repository/shoping/user_safepay' is visible (Root cause: com.kms.katalon.core.exception.StepFailedException: Element 'Object Repository/shoping/user_safepay' is visible
	at com.kms.katalon.core.mobile.keyword.internal.MobileKeywordMain.stepFailed(MobileKeywordMain.groovy:38)
	at com.kms.katalon.core.mobile.keyword.builtin.VerifyElementNotVisibleKeyword$_verifyElementNotVisible_closure1.doCall(VerifyElementNotVisibleKeyword.groovy:46)
	at com.kms.katalon.core.mobile.keyword.builtin.VerifyElementNotVisibleKeyword$_verifyElementNotVisible_closure1.call(VerifyElementNotVisibleKeyword.groovy)
	at com.kms.katalon.core.mobile.keyword.internal.MobileKeywordMain.runKeyword(MobileKeywordMain.groovy:19)
	at com.kms.katalon.core.mobile.keyword.builtin.VerifyElementNotVisibleKeyword.verifyElementNotVisible(VerifyElementNotVisibleKeyword.groovy:56)
	at com.kms.katalon.core.mobile.keyword.builtin.VerifyElementNotVisibleKeyword.execute(VerifyElementNotVisibleKeyword.groovy:35)
	at com.kms.katalon.core.keyword.internal.KeywordExecutor.executeKeywordForPlatform(KeywordExecutor.groovy:74)
	at com.kms.katalon.core.mobile.keyword.MobileBuiltInKeywords.verifyElementNotVisible(MobileBuiltInKeywords.groovy:2064)
	at login_cek_cart_checkout.run(login_cek_cart_checkout:55)
	at com.kms.katalon.core.main.ScriptEngine.run(ScriptEngine.java:194)
	at com.kms.katalon.core.main.ScriptEngine.runScriptAsRawText(ScriptEngine.java:119)
	at com.kms.katalon.core.main.TestCaseExecutor.runScript(TestCaseExecutor.java:448)
	at com.kms.katalon.core.main.TestCaseExecutor.doExecute(TestCaseExecutor.java:439)
	at com.kms.katalon.core.main.TestCaseExecutor.processExecutionPhase(TestCaseExecutor.java:418)
	at com.kms.katalon.core.main.TestCaseExecutor.accessMainPhase(TestCaseExecutor.java:410)
	at com.kms.katalon.core.main.TestCaseExecutor.execute(TestCaseExecutor.java:285)
	at com.kms.katalon.core.common.CommonExecutor.accessTestCaseMainPhase(CommonExecutor.java:65)
	at com.kms.katalon.core.main.TestSuiteExecutor.accessTestSuiteMainPhase(TestSuiteExecutor.java:148)
	at com.kms.katalon.core.main.TestSuiteExecutor.execute(TestSuiteExecutor.java:106)
	at com.kms.katalon.core.main.TestCaseMain.startTestSuite(TestCaseMain.java:180)
	at TempTestSuite1707918025128.run(TempTestSuite1707918025128.groovy:36)
	at java.base/jdk.internal.reflect.NativeMethodAccessorImpl.invoke0(Native Method)
	at java.base/jdk.internal.reflect.NativeMethodAccessorImpl.invoke(NativeMethodAccessorImpl.java:77)
	at java.base/jdk.internal.reflect.DelegatingMethodAccessorImpl.invoke(DelegatingMethodAccessorImpl.java:43)
)
[[ATTACHMENT|C:\\Users\\BRI\\git\\katalon-finalmobile-ruslan_permana\\Reports\\20240214_204025\\Login dan cekout\\20240214_204025\\1707918212985.png]]

14-02-2024T20:43:35 - [MESSAGE][FAILED] - Failed to check if element 'Object Repository/shoping/user_safepay' is not visible (Root cause: com.kms.katalon.core.exception.StepFailedException: Failed to check if element 'Object Repository/shoping/user_safepay' is not visible
	at com.kms.katalon.core.mobile.keyword.internal.MobileKeywordMain.stepFailed(MobileKeywordMain.groovy:38)
	at com.kms.katalon.core.mobile.keyword.internal.MobileKeywordMain.runKeyword(MobileKeywordMain.groovy:21)
	at com.kms.katalon.core.mobile.keyword.builtin.VerifyElementNotVisibleKeyword.verifyElementNotVisible(VerifyElementNotVisibleKeyword.groovy:56)
	at com.kms.katalon.core.mobile.keyword.builtin.VerifyElementNotVisibleKeyword.execute(VerifyElementNotVisibleKeyword.groovy:35)
	at com.kms.katalon.core.keyword.internal.KeywordExecutor.executeKeywordForPlatform(KeywordExecutor.groovy:74)
	at com.kms.katalon.core.mobile.keyword.MobileBuiltInKeywords.verifyElementNotVisible(MobileBuiltInKeywords.groovy:2064)
	at login_cek_cart_checkout.run(login_cek_cart_checkout:55)
	at com.kms.katalon.core.main.ScriptEngine.run(ScriptEngine.java:194)
	at com.kms.katalon.core.main.ScriptEngine.runScriptAsRawText(ScriptEngine.java:119)
	at com.kms.katalon.core.main.TestCaseExecutor.runScript(TestCaseExecutor.java:448)
	at com.kms.katalon.core.main.TestCaseExecutor.doExecute(TestCaseExecutor.java:439)
	at com.kms.katalon.core.main.TestCaseExecutor.processExecutionPhase(TestCaseExecutor.java:418)
	at com.kms.katalon.core.main.TestCaseExecutor.accessMainPhase(TestCaseExecutor.java:410)
	at com.kms.katalon.core.main.TestCaseExecutor.execute(TestCaseExecutor.java:285)
	at com.kms.katalon.core.common.CommonExecutor.accessTestCaseMainPhase(CommonExecutor.java:65)
	at com.kms.katalon.core.main.TestSuiteExecutor.accessTestSuiteMainPhase(TestSuiteExecutor.java:148)
	at com.kms.katalon.core.main.TestSuiteExecutor.execute(TestSuiteExecutor.java:106)
	at com.kms.katalon.core.main.TestCaseMain.startTestSuite(TestCaseMain.java:180)
	at TempTestSuite1707918025128.run(TempTestSuite1707918025128.groovy:36)
	at java.base/jdk.internal.reflect.NativeMethodAccessorImpl.invoke0(Native Method)
	at java.base/jdk.internal.reflect.NativeMethodAccessorImpl.invoke(NativeMethodAccessorImpl.java:77)
	at java.base/jdk.internal.reflect.DelegatingMethodAccessorImpl.invoke(DelegatingMethodAccessorImpl.java:43)
Caused by: com.kms.katalon.core.exception.StepFailedException: Element 'Object Repository/shoping/user_safepay' is visible
	at com.kms.katalon.core.mobile.keyword.internal.MobileKeywordMain.stepFailed(MobileKeywordMain.groovy:38)
	at com.kms.katalon.core.mobile.keyword.builtin.VerifyElementNotVisibleKeyword$_verifyElementNotVisible_closure1.doCall(VerifyElementNotVisibleKeyword.groovy:46)
	at com.kms.katalon.core.mobile.keyword.builtin.VerifyElementNotVisibleKeyword$_verifyElementNotVisible_closure1.call(VerifyElementNotVisibleKeyword.groovy)
	at com.kms.katalon.core.mobile.keyword.internal.MobileKeywordMain.runKeyword(MobileKeywordMain.groovy:19)
	... 20 more
)
[[ATTACHMENT|C:\\Users\\BRI\\git\\katalon-finalmobile-ruslan_permana\\Reports\\20240214_204025\\Login dan cekout\\20240214_204025\\1707918214528.png]]

14-02-2024T20:43:35 - [TEST_STEP][PASSED] - catch (Exception e): Tapped on element 'Object Repository/shoping/PAY NOW'

14-02-2024T20:43:35 - [TEST_STEP][PASSED] - tap(findTestObject("Object Repository/shoping/PAY NOW"), 0): Tapped on element 'Object Repository/shoping/PAY NOW'

14-02-2024T20:43:36 - [MESSAGE][WARNING] - Timeout '0' is invalid. Using default page load timeout: '30'

14-02-2024T20:43:36 - [MESSAGE][PASSED] - Tapped on element 'Object Repository/shoping/PAY NOW'

14-02-2024T20:43:36 - [TEST_STEP][PASSED] - tap(findTestObject("Object Repository/shoping/close_order_payment"), 0): Tapped on element 'Object Repository/shoping/close_order_payment'

14-02-2024T20:43:36 - [MESSAGE][WARNING] - Timeout '0' is invalid. Using default page load timeout: '30'

14-02-2024T20:43:38 - [MESSAGE][PASSED] - Tapped on element 'Object Repository/shoping/close_order_payment'

14-02-2024T20:43:38 - [TEST_STEP][PASSED] - verifyElementExist(findTestObject("cek cart/Text_advantage"), 0): Element 'Object Repository/cek cart/Text_advantage' is exist

14-02-2024T20:43:38 - [MESSAGE][WARNING] - Timeout '0' is invalid. Using default page load timeout: '30'

14-02-2024T20:43:39 - [MESSAGE][PASSED] - Element 'Object Repository/cek cart/Text_advantage' is exist]]></system-out>
         <system-err><![CDATA[]]></system-err>
      </testcase>
      <system-out><![CDATA[14-02-2024T20:40:36 - [TEST_SUITE][PASSED] - Login dan cekout: Test Cases/login_cek_cart_checkout]]></system-out>
      <system-err><![CDATA[]]></system-err>
   </testsuite>
</testsuites>
